\BOOKMARK [-1][]{Marke.-1}{Game Design}{}% 1
\BOOKMARK [0][]{tocanc.0}{Inhaltsverzeichnis}{Marke.-1}% 2
\BOOKMARK [0][]{chapter.2}{1 Einf\374hrung}{Marke.-1}% 3
\BOOKMARK [0][]{chapter.3}{2 Grundlagen}{Marke.-1}% 4
\BOOKMARK [1][]{section.4}{2.1 Grundprinzipien}{chapter.3}% 5
\BOOKMARK [0][]{chapter.5}{3 Konzept}{Marke.-1}% 6
\BOOKMARK [1][]{section.6}{3.1 Runden und Zeitablauf}{chapter.5}% 7
\BOOKMARK [1][]{section.7}{3.2 Die Welt}{chapter.5}% 8
\BOOKMARK [1][]{section.8}{3.3 Grenzen}{chapter.5}% 9
\BOOKMARK [1][]{section.9}{3.4 Nebel des Krieges}{chapter.5}% 10
\BOOKMARK [1][]{section.10}{3.5 Rohstoffe}{chapter.5}% 11
\BOOKMARK [1][]{section.11}{3.6 Einheiten}{chapter.5}% 12
\BOOKMARK [2][]{subsection.12}{3.6.1 Nahk\344mpfer}{section.11}% 13
\BOOKMARK [2][]{subsection.13}{3.6.2 Magier}{section.11}% 14
\BOOKMARK [2][]{subsection.14}{3.6.3 Held}{section.11}% 15
\BOOKMARK [2][]{subsection.15}{3.6.4 Fernk\344mpfer und Belagerungsmaschinen}{section.11}% 16
\BOOKMARK [2][]{subsection.16}{3.6.5 Schiffe}{section.11}% 17
\BOOKMARK [1][]{section.17}{3.7 Geb\344ude}{chapter.5}% 18
\BOOKMARK [1][]{section.18}{3.8 Hauptgeb\344ude}{chapter.5}% 19
\BOOKMARK [1][]{section.19}{3.9 Portale}{chapter.5}% 20
\BOOKMARK [1][]{section.20}{3.10 Wohngeb\344ude}{chapter.5}% 21
\BOOKMARK [1][]{section.21}{3.11 Steinbruch, Windm\374hlen, Brunnen, ???}{chapter.5}% 22
\BOOKMARK [1][]{section.22}{3.12 T\374rme}{chapter.5}% 23
\BOOKMARK [1][]{section.23}{3.13 Mauer}{chapter.5}% 24
\BOOKMARK [1][]{section.24}{3.14 Einbeziehen der realen Welt}{chapter.5}% 25
\BOOKMARK [2][]{subsection.25}{3.14.1 Globale Faktoren}{section.24}% 26
\BOOKMARK [2][]{subsection.26}{3.14.2 Lokale Faktoren}{section.24}% 27
\BOOKMARK [2][]{subsection.27}{3.14.3 Benutzerspezifische Faktoren}{section.24}% 28
\BOOKMARK [1][]{section.28}{3.15 Kampfsystem}{chapter.5}% 29
\BOOKMARK [0][]{chapter.29}{4 Fortf\374hrende Ideen}{Marke.-1}% 30
\BOOKMARK [1][]{section.30}{4.1 Pl\374ndern}{chapter.29}% 31
\BOOKMARK [1][]{section.31}{4.2 Quests}{chapter.29}% 32
\BOOKMARK [2][]{subsection.32}{4.2.1 Capture the Item}{section.31}% 33
\BOOKMARK [2][]{subsection.33}{4.2.2 Sacrifice}{section.31}% 34
\BOOKMARK [2][]{subsection.34}{4.2.3 Race}{section.31}% 35
\BOOKMARK [2][]{subsection.35}{4.2.4 Zombie Invasion}{section.31}% 36
\BOOKMARK [1][]{section.36}{4.3 Ausbau der Helden}{chapter.29}% 37
\BOOKMARK [1][]{section.37}{4.4 Techologiebaum / Zauberbaum?}{chapter.29}% 38
\BOOKMARK [1][]{section.38}{4.5 Orb of Might}{chapter.29}% 39
\BOOKMARK [1][]{section.39}{4.6 Talentbaum}{chapter.29}% 40
\BOOKMARK [1][]{section.40}{4.7 Rassen}{chapter.29}% 41
\BOOKMARK [0][]{chapter.41}{5 Zusammenfassung}{Marke.-1}% 42
\BOOKMARK [1][]{section.42}{5.1 Fazit}{chapter.41}% 43
